Using pre-set license
Built from '2020.3/staging' branch; Version is '2020.3.4f1 (0abb6314276a) revision 703331'; Using compiler version '192528614'; Build Type 'Release'
OS: 'Windows 10 Pro; OS build 19042.928; Version 2009; 64bit' Language: 'de' Physical Memory: 16334 MB
BatchMode: 1, IsHumanControllingUs: 0, StartBugReporterOnCrash: 0, Is64bit: 1, IsPro: 0

 COMMAND LINE ARGUMENTS:
D:\Projekte\Unity\2020.3.4f1\Editor\Unity.exe
-adb2
-batchMode
-noUpm
-name
AssetImportWorker0
-projectPath
D:/Projekte/GitHub/AR_Moebel
-logFile
Logs/AssetImportWorker0.log
-srvPort
51094
Successfully changed project path to: D:/Projekte/GitHub/AR_Moebel
D:/Projekte/GitHub/AR_Moebel
Using Asset Import Pipeline V2.
Refreshing native plugins compatible for Editor in 35.62 ms, found 0 plugins.
Preloading 0 native plugins for Editor in 0.00 ms.
Initialize engine version: 2020.3.4f1 (0abb6314276a)
[Subsystems] Discovering subsystems at path D:/Projekte/Unity/2020.3.4f1/Editor/Data/Resources/UnitySubsystems
[Subsystems] Discovering subsystems at path D:/Projekte/GitHub/AR_Moebel/Assets
GfxDevice: creating device client; threaded=0
Direct3D:
    Version:  Direct3D 11.0 [level 11.1]
    Renderer: NVIDIA GeForce GTX 1060 6GB (ID=0x1c03)
    Vendor:   
    VRAM:     6052 MB
    Driver:   27.21.14.6611
Initialize mono
Mono path[0] = 'D:/Projekte/Unity/2020.3.4f1/Editor/Data/Managed'
Mono path[1] = 'D:/Projekte/Unity/2020.3.4f1/Editor/Data/MonoBleedingEdge/lib/mono/unityjit'
Mono config path = 'D:/Projekte/Unity/2020.3.4f1/Editor/Data/MonoBleedingEdge/etc'
Using monoOptions --debugger-agent=transport=dt_socket,embedding=1,server=y,suspend=n,address=127.0.0.1:56532
Begin MonoManager ReloadAssembly
Registering precompiled unity dll's ...
Register platform support module: D:/Projekte/Unity/2020.3.4f1/Editor/Data/PlaybackEngines/MacStandaloneSupport/UnityEditor.OSXStandalone.Extensions.dll
Register platform support module: D:/Projekte/Unity/2020.3.4f1/Editor/Data/PlaybackEngines/WindowsStandaloneSupport/UnityEditor.WindowsStandalone.Extensions.dll
Registered in 0.001497 seconds.
Native extension for WindowsStandalone target not found
Native extension for OSXStandalone target not found
Refreshing native plugins compatible for Editor in 37.85 ms, found 0 plugins.
Preloading 0 native plugins for Editor in 0.00 ms.
Mono: successfully reloaded assembly
- Completed reload, in  1.118 seconds
Platform modules already initialized, skipping
Registering precompiled user dll's ...
Registered in 0.000979 seconds.
Begin MonoManager ReloadAssembly
Native extension for WindowsStandalone target not found
Native extension for OSXStandalone target not found
Refreshing native plugins compatible for Editor in 34.86 ms, found 0 plugins.
Preloading 0 native plugins for Editor in 0.00 ms.
Mono: successfully reloaded assembly
- Completed reload, in  1.065 seconds
Platform modules already initialized, skipping
========================================================================
Worker process is ready to serve import requests
Launched and connected shader compiler UnityShaderCompiler.exe after 0.07 seconds
Refreshing native plugins compatible for Editor in 0.63 ms, found 0 plugins.
Preloading 0 native plugins for Editor in 0.00 ms.
Unloading 1557 Unused Serialized files (Serialized files now loaded: 0)
System memory in use before: 70.4 MB.
System memory in use after: 70.4 MB.

Unloading 12 unused Assets to reduce memory usage. Loaded Objects now: 1999.
Total: 2.454400 ms (FindLiveObjects: 0.281400 ms CreateObjectMapping: 0.054400 ms MarkObjects: 2.011700 ms  DeleteObjects: 0.105800 ms)

========================================================================
Received Import Request.
  path: Assets/Lean
  artifactKey: Guid(98079e62c6e30854e95b7efaec2d1aac) Importer(815301076,1909f56bfc062723c751e8b465ee728b)
Start importing Assets/Lean using Guid(98079e62c6e30854e95b7efaec2d1aac) Importer(815301076,1909f56bfc062723c751e8b465ee728b)  -> (artifact id: '5145566fd7b98e725fc79e2684502976') in 0.007424 seconds
  Import took 0.010230 seconds .

========================================================================
Received Import Request.
  Time since last request: 106.798372 seconds.
  path: Assets/Prefabs/Game Piece.prefab
  artifactKey: Guid(75b0423dd3de5d042993c4ee8935cacc) Importer(815301076,1909f56bfc062723c751e8b465ee728b)
Start importing Assets/Prefabs/Game Piece.prefab using Guid(75b0423dd3de5d042993c4ee8935cacc) Importer(815301076,1909f56bfc062723c751e8b465ee728b)  -> (artifact id: 'e2d26ba9b5fee16d8ca597629aeeb1a0') in 0.158776 seconds
  Import took 0.161626 seconds .

========================================================================
Received Import Request.
  Time since last request: 355.298188 seconds.
  path: Assets/Scripts/ARPlacement.cs
  artifactKey: Guid(51f037415b4e182469b1917874a6bc17) Importer(815301076,1909f56bfc062723c751e8b465ee728b)
Start importing Assets/Scripts/ARPlacement.cs using Guid(51f037415b4e182469b1917874a6bc17) Importer(815301076,1909f56bfc062723c751e8b465ee728b)  -> (artifact id: 'a2cd8e52d247e275ff482ace8d0fb4db') in 0.011847 seconds
  Import took 0.015132 seconds .

========================================================================
Received Prepare
Registering precompiled user dll's ...
Registered in 0.001006 seconds.
Begin MonoManager ReloadAssembly
Native extension for WindowsStandalone target not found
Native extension for OSXStandalone target not found
Refreshing native plugins compatible for Editor in 0.46 ms, found 0 plugins.
Preloading 0 native plugins for Editor in 0.00 ms.
Mono: successfully reloaded assembly
- Completed reload, in  0.995 seconds
Platform modules already initialized, skipping
Switching build target platform(5) subTarget(0) extendedPlatform(0) -> platform(9) subTarget(16777218) extendedPlatform(0)
Refreshing native plugins compatible for Editor in 0.48 ms, found 0 plugins.
Preloading 0 native plugins for Editor in 0.00 ms.
Unloading 1545 Unused Serialized files (Serialized files now loaded: 0)
System memory in use before: 72.7 MB.
System memory in use after: 72.8 MB.

Unloading 8 unused Assets to reduce memory usage. Loaded Objects now: 2011.
Total: 2.425200 ms (FindLiveObjects: 0.272400 ms CreateObjectMapping: 0.050400 ms MarkObjects: 2.019000 ms  DeleteObjects: 0.082300 ms)

AssetImportParameters requested are different than current active one (requested -> active):
  custom:graphics/normal-map-encoding: 01000000000000000000000000000000 -> 02000000000000000000000000000000
AssetImportWorkerClient::OnTransportError - code=2 error=End of file
